# ReMoM Replay Log
# mode=RECORD  file=/home/jbalcomb/STU/devel/ReMoM/assets/menu_baseline_seed12345.RMR
# timestamp=2026-06-05 14:15:39
#
idx=0      t=168       mouse=(158,100) btn=0  key=0 sccc=0x0000  dt=168  field[1]=(0,0)-(319,199)
REC  idx=0     ..17      mouse=(158,100) btn=0  key=0  (18 frames, no change)
idx=18     t=1931      mouse=(319,186) btn=0  key=0 sccc=0x0000  dt=166  field[1]=(0,0)-(319,199)
REC  idx=18    ..19      mouse=(319,186) btn=0  key=0  (2 frames, no change)
idx=20     t=2096      mouse=(165,143) btn=0  key=0 sccc=0x0000  dt=165  field[1]=(0,0)-(319,199)
REC  idx=20    ..21      mouse=(165,143) btn=0  key=0  (2 frames, no change)
idx=22     t=2261      mouse=(164,136) btn=0  key=0 sccc=0x0000  dt=165  field[1]=(0,0)-(319,199)
REC  idx=22    ..23      mouse=(164,136) btn=0  key=0  (2 frames, no change)
idx=24     t=2427      mouse=(164,136) btn=1  key=0 sccc=0x0000  dt=166  field[1]=(0,0)-(319,199)
REC  idx=24      mouse=(164,136) btn=1  key=0  (1 frame)
idx=25     t=2427      mouse=(164,136) btn=0  key=0 sccc=0x0000  dt=0  field[1]=(0,0)-(319,199)
REC  idx=25    ..29      mouse=(164,136) btn=0  key=0  (5 frames, no change)
idx=30     t=3215      mouse=(160,139) btn=0  key=0 sccc=0x0000  dt=110
REC  idx=30    ..31      mouse=(160,139) btn=0  key=0  (2 frames, no change)
idx=32     t=3325      mouse=(158,143) btn=0  key=0 sccc=0x0000  dt=110
REC  idx=32    ..33      mouse=(158,143) btn=0  key=0  (2 frames, no change)
idx=34     t=3435      mouse=(155,148) btn=0  key=0 sccc=0x0000  dt=109
REC  idx=34    ..35      mouse=(155,148) btn=0  key=0  (2 frames, no change)
idx=36     t=3545      mouse=(152,151) btn=0  key=0 sccc=0x0000  dt=110  field[1]=(108,150)-(211,161)
REC  idx=36    ..37      mouse=(152,151) btn=0  key=0  (2 frames, no change)
idx=38     t=3655      mouse=(151,152) btn=0  key=0 sccc=0x0000  dt=110  field[1]=(108,150)-(211,161)
REC  idx=38    ..39      mouse=(151,152) btn=0  key=0  (2 frames, no change)
idx=40     t=3765      mouse=(149,155) btn=0  key=0 sccc=0x0000  dt=109  field[1]=(108,150)-(211,161)
REC  idx=40    ..41      mouse=(149,155) btn=0  key=0  (2 frames, no change)
idx=42     t=3875      mouse=(149,159) btn=0  key=0 sccc=0x0000  dt=110  field[1]=(108,150)-(211,161)
REC  idx=42    ..43      mouse=(149,159) btn=0  key=0  (2 frames, no change)
idx=44     t=3985      mouse=(148,163) btn=0  key=0 sccc=0x0000  dt=110  field[2]=(108,162)-(211,173)
REC  idx=44    ..45      mouse=(148,163) btn=0  key=0  (2 frames, no change)
idx=46     t=4095      mouse=(148,164) btn=0  key=0 sccc=0x0000  dt=110  field[2]=(108,162)-(211,173)
REC  idx=46    ..47      mouse=(148,164) btn=0  key=0  (2 frames, no change)
idx=48     t=4206      mouse=(148,166) btn=0  key=0 sccc=0x0000  dt=111  field[2]=(108,162)-(211,173)
REC  idx=48    ..49      mouse=(148,166) btn=0  key=0  (2 frames, no change)
idx=50     t=4315      mouse=(147,167) btn=0  key=0 sccc=0x0000  dt=109  field[2]=(108,162)-(211,173)
REC  idx=50    ..53      mouse=(147,167) btn=0  key=0  (4 frames, no change)
idx=54     t=4535      mouse=(147,168) btn=0  key=0 sccc=0x0000  dt=110  field[2]=(108,162)-(211,173)
REC  idx=54    ..57      mouse=(147,168) btn=0  key=0  (4 frames, no change)
idx=58     t=4755      mouse=(147,168) btn=1  key=0 sccc=0x0000  dt=110  field[2]=(108,162)-(211,173)
REC  idx=58      mouse=(147,168) btn=1  key=0  (1 frame)
idx=59     t=4755      mouse=(147,168) btn=0  key=0 sccc=0x0000  dt=0  field[2]=(108,162)-(211,173)
REC  idx=59    ..71      mouse=(147,168) btn=0  key=0  (13 frames, no change)
idx=72     t=5697      mouse=(170,167) btn=0  key=0 sccc=0x0000  dt=112
REC  idx=72    ..73      mouse=(170,167) btn=0  key=0  (2 frames, no change)
idx=74     t=5807      mouse=(182,168) btn=0  key=0 sccc=0x0000  dt=110
REC  idx=74    ..75      mouse=(182,168) btn=0  key=0  (2 frames, no change)
idx=76     t=5917      mouse=(218,172) btn=0  key=0 sccc=0x0000  dt=110
REC  idx=76    ..77      mouse=(218,172) btn=0  key=0  (2 frames, no change)
idx=78     t=6029      mouse=(227,172) btn=0  key=0 sccc=0x0000  dt=112
REC  idx=78    ..81      mouse=(227,172) btn=0  key=0  (4 frames, no change)
idx=82     t=6250      mouse=(233,171) btn=0  key=0 sccc=0x0000  dt=110
REC  idx=82    ..83      mouse=(233,171) btn=0  key=0  (2 frames, no change)
idx=84     t=6360      mouse=(240,170) btn=0  key=0 sccc=0x0000  dt=110
REC  idx=84    ..87      mouse=(240,170) btn=0  key=0  (4 frames, no change)
idx=88     t=6580      mouse=(252,170) btn=0  key=0 sccc=0x0000  dt=110
REC  idx=88    ..89      mouse=(252,170) btn=0  key=0  (2 frames, no change)
idx=90     t=6690      mouse=(255,170) btn=0  key=0 sccc=0x0000  dt=110
REC  idx=90    ..91      mouse=(255,170) btn=0  key=0  (2 frames, no change)
idx=92     t=6800      mouse=(259,172) btn=0  key=0 sccc=0x0000  dt=110
REC  idx=92    ..93      mouse=(259,172) btn=0  key=0  (2 frames, no change)
idx=94     t=6910      mouse=(264,172) btn=0  key=0 sccc=0x0000  dt=110
REC  idx=94    ..99      mouse=(264,172) btn=0  key=0  (6 frames, no change)
idx=100    t=7241      mouse=(268,172) btn=0  key=0 sccc=0x0000  dt=110
REC  idx=100   ..101     mouse=(268,172) btn=0  key=0  (2 frames, no change)
idx=102    t=7351      mouse=(271,172) btn=0  key=0 sccc=0x0000  dt=110
REC  idx=102   ..103     mouse=(271,172) btn=0  key=0  (2 frames, no change)
idx=104    t=7461      mouse=(272,172) btn=0  key=0 sccc=0x0000  dt=110
REC  idx=104   ..107     mouse=(272,172) btn=0  key=0  (4 frames, no change)
idx=108    t=7682      mouse=(276,171) btn=0  key=0 sccc=0x0000  dt=110
REC  idx=108   ..109     mouse=(276,171) btn=0  key=0  (2 frames, no change)
idx=110    t=7792      mouse=(279,171) btn=0  key=0 sccc=0x0000  dt=110
REC  idx=110   ..111     mouse=(279,171) btn=0  key=0  (2 frames, no change)
idx=112    t=7903      mouse=(279,172) btn=0  key=0 sccc=0x0000  dt=110
REC  idx=112   ..113     mouse=(279,172) btn=0  key=0  (2 frames, no change)
idx=114    t=8014      mouse=(279,182) btn=0  key=0 sccc=0x0000  dt=110  field[1]=(252,179)-(315,194)
REC  idx=114   ..115     mouse=(279,182) btn=0  key=0  (2 frames, no change)
idx=116    t=8124      mouse=(279,185) btn=0  key=0 sccc=0x0000  dt=110  field[1]=(252,179)-(315,194)
REC  idx=116   ..117     mouse=(279,185) btn=0  key=0  (2 frames, no change)
idx=118    t=8234      mouse=(280,186) btn=0  key=0 sccc=0x0000  dt=110  field[1]=(252,179)-(315,194)
REC  idx=118   ..119     mouse=(280,186) btn=0  key=0  (2 frames, no change)
idx=120    t=8344      mouse=(280,186) btn=1  key=0 sccc=0x0000  dt=110  field[1]=(252,179)-(315,194)
REC  idx=120     mouse=(280,186) btn=1  key=0  (1 frame)
idx=121    t=8344      mouse=(280,186) btn=0  key=0 sccc=0x0000  dt=0  field[1]=(252,179)-(315,194)
REC  idx=121   ..135     mouse=(280,186) btn=0  key=0  (15 frames, no change)
idx=136    t=9062      mouse=(280,186) btn=1  key=0 sccc=0x0000  dt=110  field[15]=(244,180)-(313,196)
REC  idx=136     mouse=(280,186) btn=1  key=0  (1 frame)
idx=137    t=9062      mouse=(280,186) btn=0  key=0 sccc=0x0000  dt=0  field[15]=(244,180)-(313,196)
REC  idx=137   ..138     mouse=(280,186) btn=0  key=0  (2 frames, no change)
idx=139    t=9227      mouse=(276,186) btn=0  key=0 sccc=0x0000  dt=110
REC  idx=139     mouse=(276,186) btn=0  key=0  (1 frame)
idx=140    t=9337      mouse=(266,186) btn=0  key=0 sccc=0x0000  dt=110
REC  idx=140   ..141     mouse=(266,186) btn=0  key=0  (2 frames, no change)
idx=142    t=9447      mouse=(241,180) btn=0  key=0 sccc=0x0000  dt=110
REC  idx=142   ..143     mouse=(241,180) btn=0  key=0  (2 frames, no change)
idx=144    t=9557      mouse=(226,175) btn=0  key=0 sccc=0x0000  dt=110
REC  idx=144   ..145     mouse=(226,175) btn=0  key=0  (2 frames, no change)
idx=146    t=9667      mouse=(217,172) btn=0  key=0 sccc=0x0000  dt=110  field[7]=(168,158)-(237,174)
REC  idx=146   ..149     mouse=(217,172) btn=0  key=0  (4 frames, no change)
idx=150    t=9887      mouse=(217,172) btn=1  key=0 sccc=0x0000  dt=110  field[7]=(168,158)-(237,174)
REC  idx=150     mouse=(217,172) btn=1  key=0  (1 frame)
idx=151    t=9887      mouse=(217,172) btn=0  key=0 sccc=0x0000  dt=0  field[7]=(168,158)-(237,174)
REC  idx=151   ..156     mouse=(217,172) btn=0  key=0  (6 frames, no change)
idx=157    t=10001     mouse=(216,172) btn=0  key=0 sccc=0x0000  dt=56
REC  idx=157   ..166     mouse=(216,172) btn=0  key=0  (10 frames, no change)
idx=167    t=10556     mouse=(216,172) btn=1  key=0 sccc=0x0000  dt=55
REC  idx=167     mouse=(216,172) btn=1  key=0  (1 frame)
idx=168    t=10557     mouse=(216,172) btn=0  key=0 sccc=0x0000  dt=1
REC  idx=168   ..2810    mouse=(216,172) btn=0  key=0  (2643 frames, no change)
idx=2811   t=11156     mouse=(215,135) btn=0  key=0 sccc=0x0000  dt=110  field[5]=(190,125)-(286,147)
REC  idx=2811  ..2812    mouse=(215,135) btn=0  key=0  (2 frames, no change)
idx=2813   t=11266     mouse=(207,107) btn=0  key=0 sccc=0x0000  dt=110  field[4]=(190,99)-(286,121)
REC  idx=2813  ..2814    mouse=(207,107) btn=0  key=0  (2 frames, no change)
idx=2815   t=11377     mouse=(202, 94) btn=0  key=0 sccc=0x0000  dt=110  field[3]=(190,73)-(286,95)
REC  idx=2815  ..2816    mouse=(202, 94) btn=0  key=0  (2 frames, no change)
idx=2817   t=11487     mouse=(197, 76) btn=0  key=0 sccc=0x0000  dt=110  field[3]=(190,73)-(286,95)
REC  idx=2817  ..2818    mouse=(197, 76) btn=0  key=0  (2 frames, no change)
idx=2819   t=11619     mouse=(197, 62) btn=0  key=0 sccc=0x0000  dt=110  field[2]=(190,47)-(286,69)
REC  idx=2819  ..2820    mouse=(197, 62) btn=0  key=0  (2 frames, no change)
idx=2821   t=11731     mouse=(197, 57) btn=0  key=0 sccc=0x0000  dt=111  field[2]=(190,47)-(286,69)
REC  idx=2821  ..2822    mouse=(197, 57) btn=0  key=0  (2 frames, no change)
idx=2823   t=11841     mouse=(198, 55) btn=0  key=0 sccc=0x0000  dt=110  field[2]=(190,47)-(286,69)
REC  idx=2823  ..2824    mouse=(198, 55) btn=0  key=0  (2 frames, no change)
idx=2825   t=11951     mouse=(197, 48) btn=0  key=0 sccc=0x0000  dt=110  field[2]=(190,47)-(286,69)
REC  idx=2825  ..2826    mouse=(197, 48) btn=0  key=0  (2 frames, no change)
idx=2827   t=12061     mouse=(195, 44) btn=0  key=0 sccc=0x0000  dt=110  field[22]=(164,40)-(202,45)
REC  idx=2827  ..2828    mouse=(195, 44) btn=0  key=0  (2 frames, no change)
idx=2829   t=12172     mouse=(193, 41) btn=0  key=0 sccc=0x0000  dt=110  field[22]=(164,40)-(202,45)
REC  idx=2829  ..2830    mouse=(193, 41) btn=0  key=0  (2 frames, no change)
idx=2831   t=12282     mouse=(192, 39) btn=0  key=0 sccc=0x0000  dt=110
REC  idx=2831  ..2832    mouse=(192, 39) btn=0  key=0  (2 frames, no change)
idx=2833   t=12393     mouse=(191, 37) btn=0  key=0 sccc=0x0000  dt=111  field[19]=(164,33)-(202,38)
REC  idx=2833  ..2834    mouse=(191, 37) btn=0  key=0  (2 frames, no change)
idx=2835   t=12504     mouse=(190, 36) btn=0  key=0 sccc=0x0000  dt=110  field[19]=(164,33)-(202,38)
REC  idx=2835  ..2838    mouse=(190, 36) btn=0  key=0  (4 frames, no change)
idx=2839   t=12725     mouse=(190, 36) btn=1  key=0 sccc=0x0000  dt=110  field[19]=(164,33)-(202,38)
REC  idx=2839    mouse=(190, 36) btn=1  key=0  (1 frame)
idx=2840   t=12725     mouse=(190, 36) btn=0  key=0 sccc=0x0000  dt=0  field[19]=(164,33)-(202,38)
REC  idx=2840  ..2852    mouse=(190, 36) btn=0  key=0  (13 frames, no change)
idx=2853   t=13278     mouse=(194, 44) btn=0  key=0 sccc=0x0000  dt=110  field[22]=(164,40)-(202,45)
REC  idx=2853  ..2854    mouse=(194, 44) btn=0  key=0  (2 frames, no change)
idx=2855   t=13389     mouse=(200, 60) btn=0  key=0 sccc=0x0000  dt=110  field[2]=(190,47)-(286,69)
REC  idx=2855  ..2856    mouse=(200, 60) btn=0  key=0  (2 frames, no change)
idx=2857   t=13499     mouse=(201, 66) btn=0  key=0 sccc=0x0000  dt=110  field[2]=(190,47)-(286,69)
REC  idx=2857  ..2858    mouse=(201, 66) btn=0  key=0  (2 frames, no change)
idx=2859   t=13609     mouse=(202, 68) btn=0  key=0 sccc=0x0000  dt=110  field[2]=(190,47)-(286,69)
REC  idx=2859  ..2860    mouse=(202, 68) btn=0  key=0  (2 frames, no change)
idx=2861   t=13719     mouse=(204, 70) btn=0  key=0 sccc=0x0000  dt=110
REC  idx=2861  ..2862    mouse=(204, 70) btn=0  key=0  (2 frames, no change)
idx=2863   t=13829     mouse=(206, 67) btn=0  key=0 sccc=0x0000  dt=110  field[2]=(190,47)-(286,69)
REC  idx=2863  ..2864    mouse=(206, 67) btn=0  key=0  (2 frames, no change)
idx=2865   t=13939     mouse=(207, 66) btn=0  key=0 sccc=0x0000  dt=110  field[2]=(190,47)-(286,69)
REC  idx=2865  ..2866    mouse=(207, 66) btn=0  key=0  (2 frames, no change)
idx=2867   t=14049     mouse=(207, 65) btn=0  key=0 sccc=0x0000  dt=110  field[2]=(190,47)-(286,69)
REC  idx=2867  ..2868    mouse=(207, 65) btn=0  key=0  (2 frames, no change)
idx=2869   t=14159     mouse=(207, 64) btn=1  key=0 sccc=0x0000  dt=110  field[2]=(190,47)-(286,69)
REC  idx=2869    mouse=(207, 64) btn=1  key=0  (1 frame)
idx=2870   t=14160     mouse=(207, 64) btn=0  key=0 sccc=0x0000  dt=1  field[2]=(190,47)-(286,69)
REC  idx=2870  ..2876    mouse=(207, 64) btn=0  key=0  (7 frames, no change)
idx=2877   t=14382     mouse=(206, 66) btn=0  key=0 sccc=0x0000  dt=111  field[2]=(190,47)-(286,69)
REC  idx=2877  ..2878    mouse=(206, 66) btn=0  key=0  (2 frames, no change)
idx=2879   t=14493     mouse=(207, 76) btn=0  key=0 sccc=0x0000  dt=110  field[3]=(190,73)-(286,95)
REC  idx=2879  ..2880    mouse=(207, 76) btn=0  key=0  (2 frames, no change)
idx=2881   t=14603     mouse=(207, 89) btn=0  key=0 sccc=0x0000  dt=110  field[3]=(190,73)-(286,95)
REC  idx=2881  ..2882    mouse=(207, 89) btn=0  key=0  (2 frames, no change)
idx=2883   t=14714     mouse=(209,100) btn=0  key=0 sccc=0x0000  dt=111  field[4]=(190,99)-(286,121)
REC  idx=2883  ..2884    mouse=(209,100) btn=0  key=0  (2 frames, no change)
idx=2885   t=14824     mouse=(210,108) btn=0  key=0 sccc=0x0000  dt=110  field[4]=(190,99)-(286,121)
REC  idx=2885  ..2886    mouse=(210,108) btn=0  key=0  (2 frames, no change)
idx=2887   t=14934     mouse=(210,111) btn=0  key=0 sccc=0x0000  dt=110  field[4]=(190,99)-(286,121)
REC  idx=2887  ..2890    mouse=(210,111) btn=0  key=0  (4 frames, no change)
idx=2891   t=15154     mouse=(210,111) btn=1  key=0 sccc=0x0000  dt=110  field[4]=(190,99)-(286,121)
REC  idx=2891    mouse=(210,111) btn=1  key=0  (1 frame)
idx=2892   t=15154     mouse=(210,111) btn=0  key=0 sccc=0x0000  dt=0  field[4]=(190,99)-(286,121)
REC  idx=2892  ..2898    mouse=(210,111) btn=0  key=0  (7 frames, no change)
idx=2899   t=15375     mouse=(209,121) btn=0  key=0 sccc=0x0000  dt=111  field[4]=(190,99)-(286,121)
REC  idx=2899  ..2900    mouse=(209,121) btn=0  key=0  (2 frames, no change)
idx=2901   t=15485     mouse=(209,125) btn=0  key=0 sccc=0x0000  dt=110  field[5]=(190,125)-(286,147)
REC  idx=2901  ..2902    mouse=(209,125) btn=0  key=0  (2 frames, no change)
idx=2903   t=15595     mouse=(209,132) btn=0  key=0 sccc=0x0000  dt=110  field[5]=(190,125)-(286,147)
REC  idx=2903  ..2904    mouse=(209,132) btn=0  key=0  (2 frames, no change)
idx=2905   t=15705     mouse=(209,133) btn=0  key=0 sccc=0x0000  dt=110  field[5]=(190,125)-(286,147)
REC  idx=2905  ..2906    mouse=(209,133) btn=0  key=0  (2 frames, no change)
idx=2907   t=15815     mouse=(209,133) btn=1  key=0 sccc=0x0000  dt=110  field[5]=(190,125)-(286,147)
REC  idx=2907    mouse=(209,133) btn=1  key=0  (1 frame)
idx=2908   t=15815     mouse=(209,133) btn=0  key=0 sccc=0x0000  dt=0  field[5]=(190,125)-(286,147)
REC  idx=2908  ..2912    mouse=(209,133) btn=0  key=0  (5 frames, no change)
idx=2913   t=15926     mouse=(209,140) btn=0  key=0 sccc=0x0000  dt=111  field[5]=(190,125)-(286,147)
REC  idx=2913  ..2914    mouse=(209,140) btn=0  key=0  (2 frames, no change)
idx=2915   t=16036     mouse=(210,149) btn=0  key=0 sccc=0x0000  dt=110
REC  idx=2915  ..2916    mouse=(210,149) btn=0  key=0  (2 frames, no change)
idx=2917   t=16146     mouse=(210,158) btn=0  key=0 sccc=0x0000  dt=110  field[6]=(190,151)-(286,173)
REC  idx=2917  ..2918    mouse=(210,158) btn=0  key=0  (2 frames, no change)
idx=2919   t=16257     mouse=(210,159) btn=0  key=0 sccc=0x0000  dt=110  field[6]=(190,151)-(286,173)
REC  idx=2919  ..2920    mouse=(210,159) btn=0  key=0  (2 frames, no change)
idx=2921   t=16368     mouse=(210,159) btn=1  key=0 sccc=0x0000  dt=110  field[6]=(190,151)-(286,173)
REC  idx=2921    mouse=(210,159) btn=1  key=0  (1 frame)
idx=2922   t=16368     mouse=(210,159) btn=0  key=0 sccc=0x0000  dt=0  field[6]=(190,151)-(286,173)
REC  idx=2922  ..2926    mouse=(210,159) btn=0  key=0  (5 frames, no change)
idx=2927   t=16536     mouse=(214,163) btn=0  key=0 sccc=0x0000  dt=112  field[6]=(190,151)-(286,173)
REC  idx=2927  ..2928    mouse=(214,163) btn=0  key=0  (2 frames, no change)
idx=2929   t=16646     mouse=(219,166) btn=0  key=0 sccc=0x0000  dt=110  field[6]=(190,151)-(286,173)
REC  idx=2929  ..2930    mouse=(219,166) btn=0  key=0  (2 frames, no change)
idx=2931   t=16757     mouse=(220,166) btn=0  key=0 sccc=0x0000  dt=110  field[6]=(190,151)-(286,173)
REC  idx=2931  ..2932    mouse=(220,166) btn=0  key=0  (2 frames, no change)
idx=2933   t=16867     mouse=(220,166) btn=1  key=0 sccc=0x0000  dt=110  field[6]=(190,151)-(286,173)
REC  idx=2933    mouse=(220,166) btn=1  key=0  (1 frame)
idx=2934   t=16867     mouse=(220,166) btn=0  key=0 sccc=0x0000  dt=0  field[6]=(190,151)-(286,173)
REC  idx=2934  ..2938    mouse=(220,166) btn=0  key=0  (5 frames, no change)
idx=2939   t=17034     mouse=(221,167) btn=0  key=0 sccc=0x0000  dt=111  field[6]=(190,151)-(286,173)
REC  idx=2939  ..2940    mouse=(221,167) btn=0  key=0  (2 frames, no change)
idx=2941   t=17144     mouse=(227,171) btn=0  key=0 sccc=0x0000  dt=110  field[6]=(190,151)-(286,173)
REC  idx=2941  ..2942    mouse=(227,171) btn=0  key=0  (2 frames, no change)
idx=2943   t=17254     mouse=(229,172) btn=0  key=0 sccc=0x0000  dt=110  field[6]=(190,151)-(286,173)
REC  idx=2943  ..2944    mouse=(229,172) btn=0  key=0  (2 frames, no change)
idx=2945   t=17365     mouse=(228,170) btn=0  key=0 sccc=0x0000  dt=111  field[6]=(190,151)-(286,173)
REC  idx=2945  ..2946    mouse=(228,170) btn=0  key=0  (2 frames, no change)
idx=2947   t=17475     mouse=(225,167) btn=0  key=0 sccc=0x0000  dt=110  field[6]=(190,151)-(286,173)
REC  idx=2947  ..2948    mouse=(225,167) btn=0  key=0  (2 frames, no change)
idx=2949   t=17585     mouse=(225,167) btn=1  key=0 sccc=0x0000  dt=110  field[6]=(190,151)-(286,173)
REC  idx=2949    mouse=(225,167) btn=1  key=0  (1 frame)
idx=2950   t=17585     mouse=(225,167) btn=0  key=0 sccc=0x0000  dt=0  field[6]=(190,151)-(286,173)
REC  idx=2950  ..2956    mouse=(225,167) btn=0  key=0  (7 frames, no change)
idx=2957   t=17806     mouse=(232,173) btn=0  key=0 sccc=0x0000  dt=111  field[6]=(190,151)-(286,173)
REC  idx=2957  ..2958    mouse=(232,173) btn=0  key=0  (2 frames, no change)
idx=2959   t=17916     mouse=(248,181) btn=0  key=0 sccc=0x0000  dt=110
REC  idx=2959  ..2960    mouse=(248,181) btn=0  key=0  (2 frames, no change)
idx=2961   t=18026     mouse=(261,188) btn=0  key=0 sccc=0x0000  dt=110  field[1]=(251,181)-(282,196)
REC  idx=2961  ..2962    mouse=(261,188) btn=0  key=0  (2 frames, no change)
idx=2963   t=18136     mouse=(264,190) btn=0  key=0 sccc=0x0000  dt=110  field[1]=(251,181)-(282,196)
REC  idx=2963  ..2964    mouse=(264,190) btn=0  key=0  (2 frames, no change)
idx=2965   t=18246     mouse=(264,189) btn=0  key=0 sccc=0x0000  dt=110  field[1]=(251,181)-(282,196)
REC  idx=2965  ..2966    mouse=(264,189) btn=0  key=0  (2 frames, no change)
idx=2967   t=18358     mouse=(265,187) btn=0  key=0 sccc=0x0000  dt=111  field[1]=(251,181)-(282,196)
REC  idx=2967  ..2972    mouse=(265,187) btn=0  key=0  (6 frames, no change)
idx=2973   t=18689     mouse=(265,187) btn=1  key=0 sccc=0x0000  dt=110  field[1]=(251,181)-(282,196)
REC  idx=2973    mouse=(265,187) btn=1  key=0  (1 frame)
idx=2974   t=18690     mouse=(265,187) btn=0  key=0 sccc=0x0000  dt=1  field[1]=(251,181)-(282,196)
REC  idx=2974  ..2992    mouse=(265,187) btn=0  key=0  (19 frames, no change)
idx=2993   t=19516     mouse=(265,187) btn=1  key=0 sccc=0x0000  dt=110  field[2]=(251,181)-(282,196)
REC  idx=2993    mouse=(265,187) btn=1  key=0  (1 frame)
idx=2994   t=19516     mouse=(265,187) btn=0  key=0 sccc=0x0000  dt=0  field[2]=(251,181)-(282,196)
REC  idx=2994  ..3004    mouse=(265,187) btn=0  key=0  (11 frames, no change)
idx=3005   t=19849     mouse=(265,187) btn=1  key=0 sccc=0x0000  dt=110  field[2]=(251,181)-(282,196)
REC  idx=3005    mouse=(265,187) btn=1  key=0  (1 frame)
idx=3006   t=19849     mouse=(265,187) btn=0  key=0 sccc=0x0000  dt=0  field[2]=(251,181)-(282,196)
REC  idx=3006  ..3018    mouse=(265,187) btn=0  key=0  (13 frames, no change)
idx=3019   t=20290     mouse=(265,187) btn=1  key=0 sccc=0x0000  dt=109  field[2]=(251,181)-(282,196)
REC  idx=3019    mouse=(265,187) btn=1  key=0  (1 frame)
idx=3020   t=20290     mouse=(265,187) btn=0  key=0 sccc=0x0000  dt=0  field[2]=(251,181)-(282,196)
REC  idx=3020  ..3036    mouse=(265,187) btn=0  key=0  (17 frames, no change)
idx=3037   t=20951     mouse=(265,187) btn=1  key=0 sccc=0x0000  dt=110  field[2]=(251,181)-(282,196)
REC  idx=3037    mouse=(265,187) btn=1  key=0  (1 frame)
idx=3038   t=20951     mouse=(265,187) btn=0  key=0 sccc=0x0000  dt=0  field[2]=(251,181)-(282,196)
REC  idx=3038  ..3054    mouse=(265,187) btn=0  key=0  (17 frames, no change)
idx=3055   t=21667     mouse=(260,175) btn=0  key=0 sccc=0x0000  dt=109
REC  idx=3055  ..3056    mouse=(260,175) btn=0  key=0  (2 frames, no change)
idx=3057   t=21777     mouse=(239,151) btn=0  key=0 sccc=0x0000  dt=110  field[10]=(211,147)-(270,154)
REC  idx=3057  ..3058    mouse=(239,151) btn=0  key=0  (2 frames, no change)
idx=3059   t=21887     mouse=(232,142) btn=0  key=0 sccc=0x0000  dt=110
REC  idx=3059  ..3060    mouse=(232,142) btn=0  key=0  (2 frames, no change)
idx=3061   t=21997     mouse=(223,130) btn=0  key=0 sccc=0x0000  dt=110
REC  idx=3061  ..3064    mouse=(223,130) btn=0  key=0  (4 frames, no change)
idx=3065   t=22217     mouse=(227,130) btn=0  key=0 sccc=0x0000  dt=109
REC  idx=3065  ..3068    mouse=(227,130) btn=0  key=0  (4 frames, no change)
idx=3069   t=22437     mouse=(227,125) btn=0  key=0 sccc=0x0000  dt=110  field[9]=(211,118)-(270,125)
REC  idx=3069  ..3070    mouse=(227,125) btn=0  key=0  (2 frames, no change)
idx=3071   t=22547     mouse=(226,124) btn=0  key=0 sccc=0x0000  dt=110  field[9]=(211,118)-(270,125)
REC  idx=3071  ..3072    mouse=(226,124) btn=0  key=0  (2 frames, no change)
idx=3073   t=22657     mouse=(225,123) btn=0  key=0 sccc=0x0000  dt=109  field[9]=(211,118)-(270,125)
REC  idx=3073  ..3074    mouse=(225,123) btn=0  key=0  (2 frames, no change)
idx=3075   t=22767     mouse=(225,123) btn=1  key=0 sccc=0x0000  dt=109  field[9]=(211,118)-(270,125)
REC  idx=3075    mouse=(225,123) btn=1  key=0  (1 frame)
idx=3076   t=22767     mouse=(225,123) btn=0  key=0 sccc=0x0000  dt=0  field[9]=(211,118)-(270,125)
REC  idx=3076  ..3090    mouse=(225,123) btn=0  key=0  (15 frames, no change)
idx=3091   t=23099     mouse=(224,123) btn=0  key=0 sccc=0x0000  dt=55  field[3]=(175,94)-(313,128)
REC  idx=3091  ..3092    mouse=(224,123) btn=0  key=0  (2 frames, no change)
idx=3093   t=23154     mouse=(212,125) btn=0  key=0 sccc=0x0000  dt=55  field[3]=(175,94)-(313,128)
REC  idx=3093  ..3094    mouse=(212,125) btn=0  key=0  (2 frames, no change)
idx=3095   t=23209     mouse=(203,129) btn=0  key=0 sccc=0x0000  dt=55  field[4]=(175,129)-(313,162)
REC  idx=3095  ..3102    mouse=(203,129) btn=0  key=0  (8 frames, no change)
idx=3103   t=23430     mouse=(202,139) btn=0  key=0 sccc=0x0000  dt=54  field[4]=(175,129)-(313,162)
REC  idx=3103  ..3104    mouse=(202,139) btn=0  key=0  (2 frames, no change)
idx=3105   t=23486     mouse=(203,155) btn=0  key=0 sccc=0x0000  dt=56  field[4]=(175,129)-(313,162)
REC  idx=3105  ..3106    mouse=(203,155) btn=0  key=0  (2 frames, no change)
idx=3107   t=23541     mouse=(203,157) btn=0  key=0 sccc=0x0000  dt=55  field[4]=(175,129)-(313,162)
REC  idx=3107  ..3108    mouse=(203,157) btn=0  key=0  (2 frames, no change)
idx=3109   t=23597     mouse=(202,160) btn=0  key=0 sccc=0x0000  dt=56  field[4]=(175,129)-(313,162)
REC  idx=3109  ..3110    mouse=(202,160) btn=0  key=0  (2 frames, no change)
idx=3111   t=23652     mouse=(201,163) btn=0  key=0 sccc=0x0000  dt=55  field[5]=(175,163)-(313,199)
REC  idx=3111  ..3112    mouse=(201,163) btn=0  key=0  (2 frames, no change)
idx=3113   t=23707     mouse=(200,166) btn=0  key=0 sccc=0x0000  dt=54  field[5]=(175,163)-(313,199)
REC  idx=3113  ..3114    mouse=(200,166) btn=0  key=0  (2 frames, no change)
idx=3115   t=23762     mouse=(200,170) btn=0  key=0 sccc=0x0000  dt=55  field[5]=(175,163)-(313,199)
REC  idx=3115  ..3118    mouse=(200,170) btn=0  key=0  (4 frames, no change)
idx=3119   t=23872     mouse=(200,171) btn=0  key=0 sccc=0x0000  dt=54  field[5]=(175,163)-(313,199)
REC  idx=3119  ..3120    mouse=(200,171) btn=0  key=0  (2 frames, no change)
idx=3121   t=23927     mouse=(200,173) btn=0  key=0 sccc=0x0000  dt=55  field[5]=(175,163)-(313,199)
REC  idx=3121  ..3126    mouse=(200,173) btn=0  key=0  (6 frames, no change)
idx=3127   t=24092     mouse=(200,173) btn=1  key=0 sccc=0x0000  dt=55  field[5]=(175,163)-(313,199)
REC  idx=3127    mouse=(200,173) btn=1  key=0  (1 frame)
idx=3128   t=24092     mouse=(200,173) btn=0  key=0 sccc=0x0000  dt=0  field[5]=(175,163)-(313,199)
REC  idx=3128  ..3158    mouse=(200,173) btn=0  key=0  (31 frames, no change)
idx=3159   t=25846     mouse=(200,173) btn=0  key=1 sccc=0x000B  dt=55
REC  idx=3159  ..3160    mouse=(200,173) btn=0  key=1  (2 frames, no change)
idx=3161   t=25956     mouse=(200,173) btn=0  key=0 sccc=0x0000  dt=55
REC  idx=3161  ..3176    mouse=(200,173) btn=0  key=0  (16 frames, no change)
idx=3177   t=26844     mouse=(200,173) btn=0  key=1 sccc=0x17272  dt=55
REC  idx=3177  ..3178    mouse=(200,173) btn=0  key=1  (2 frames, no change)
idx=3179   t=26955     mouse=(200,173) btn=0  key=0 sccc=0x0000  dt=56
REC  idx=3179  ..3195    mouse=(200,173) btn=0  key=0  (17 frames, no change)
idx=3196   t=27896     mouse=(200,173) btn=0  key=1 sccc=0x6161  dt=55
REC  idx=3196  ..3197    mouse=(200,173) btn=0  key=1  (2 frames, no change)
idx=3198   t=28007     mouse=(200,173) btn=0  key=0 sccc=0x0000  dt=56
REC  idx=3198    mouse=(200,173) btn=0  key=0  (1 frame)
idx=3199   t=28062     mouse=(200,173) btn=0  key=1 sccc=0x6E6E  dt=55
REC  idx=3199  ..3200    mouse=(200,173) btn=0  key=1  (2 frames, no change)
idx=3201   t=28173     mouse=(200,173) btn=0  key=1 sccc=0x6464  dt=55
REC  idx=3201  ..3202    mouse=(200,173) btn=0  key=1  (2 frames, no change)
idx=3203   t=28284     mouse=(200,173) btn=0  key=1 sccc=0x6F6F  dt=55
REC  idx=3203    mouse=(200,173) btn=0  key=1  (1 frame)
idx=3204   t=28340     mouse=(200,173) btn=0  key=1 sccc=0x6D6D  dt=56
REC  idx=3204  ..3205    mouse=(200,173) btn=0  key=1  (2 frames, no change)
idx=3206   t=28451     mouse=(200,173) btn=0  key=0 sccc=0x0000  dt=56
REC  idx=3206  ..3233    mouse=(200,173) btn=0  key=0  (28 frames, no change)
idx=3234   t=29997     mouse=(200,173) btn=0  key=1 sccc=0x16363  dt=55
REC  idx=3234  ..3235    mouse=(200,173) btn=0  key=1  (2 frames, no change)
idx=3236   t=30108     mouse=(200,173) btn=0  key=0 sccc=0x0000  dt=56
REC  idx=3236  ..3241    mouse=(200,173) btn=0  key=0  (6 frames, no change)
idx=3242   t=30438     mouse=(200,173) btn=0  key=1 sccc=0x6969  dt=55
REC  idx=3242  ..3243    mouse=(200,173) btn=0  key=1  (2 frames, no change)
idx=3244   t=30549     mouse=(200,173) btn=0  key=1 sccc=0x7474  dt=56
REC  idx=3244  ..3245    mouse=(200,173) btn=0  key=1  (2 frames, no change)
idx=3246   t=30660     mouse=(200,173) btn=0  key=1 sccc=0x7979  dt=55
REC  idx=3246  ..3247    mouse=(200,173) btn=0  key=1  (2 frames, no change)
idx=3248   t=30771     mouse=(200,173) btn=0  key=0 sccc=0x0000  dt=56
REC  idx=3248  ..3257    mouse=(200,173) btn=0  key=0  (10 frames, no change)
idx=3258   t=31323     mouse=(200,173) btn=0  key=1 sccc=0x000C  dt=55
REC  idx=3258  ..3259    mouse=(200,173) btn=0  key=1  (2 frames, no change)
idx=3260   t=31436     mouse=(200,173) btn=0  key=0 sccc=0x0000  dt=58  field[3]=(0,20)-(239,199)
REC  idx=3260  ..3288    mouse=(200,173) btn=0  key=0  (29 frames, no change)
idx=3289   t=32262     mouse=(197,166) btn=0  key=0 sccc=0x0000  dt=55  field[3]=(0,20)-(239,199)
REC  idx=3289  ..3290    mouse=(197,166) btn=0  key=0  (2 frames, no change)
idx=3291   t=32317     mouse=(177,146) btn=0  key=0 sccc=0x0000  dt=55  field[3]=(0,20)-(239,199)
REC  idx=3291  ..3292    mouse=(177,146) btn=0  key=0  (2 frames, no change)
idx=3293   t=32372     mouse=(153,119) btn=0  key=0 sccc=0x0000  dt=55  field[3]=(0,20)-(239,199)
REC  idx=3293  ..3294    mouse=(153,119) btn=0  key=0  (2 frames, no change)
idx=3295   t=32427     mouse=(134,104) btn=0  key=0 sccc=0x0000  dt=55  field[3]=(0,20)-(239,199)
REC  idx=3295  ..3300    mouse=(134,104) btn=0  key=0  (6 frames, no change)
idx=3301   t=32592     mouse=(122, 99) btn=0  key=0 sccc=0x0000  dt=54  field[3]=(0,20)-(239,199)
REC  idx=3301  ..3302    mouse=(122, 99) btn=0  key=0  (2 frames, no change)
idx=3303   t=32648     mouse=(113, 85) btn=0  key=0 sccc=0x0000  dt=56  field[3]=(0,20)-(239,199)
REC  idx=3303  ..3304    mouse=(113, 85) btn=0  key=0  (2 frames, no change)
idx=3305   t=32703     mouse=(104, 72) btn=0  key=0 sccc=0x0000  dt=55  field[3]=(0,20)-(239,199)
REC  idx=3305  ..3306    mouse=(104, 72) btn=0  key=0  (2 frames, no change)
idx=3307   t=32759     mouse=( 93, 65) btn=0  key=0 sccc=0x0000  dt=56  field[3]=(0,20)-(239,199)
REC  idx=3307  ..3308    mouse=( 93, 65) btn=0  key=0  (2 frames, no change)
idx=3309   t=32814     mouse=( 74, 57) btn=0  key=0 sccc=0x0000  dt=55  field[3]=(0,20)-(239,199)
REC  idx=3309  ..3310    mouse=( 74, 57) btn=0  key=0  (2 frames, no change)
idx=3311   t=32869     mouse=( 72, 55) btn=0  key=0 sccc=0x0000  dt=55  field[3]=(0,20)-(239,199)
REC  idx=3311  ..3312    mouse=( 72, 55) btn=0  key=0  (2 frames, no change)
idx=3313   t=32924     mouse=( 62, 48) btn=0  key=0 sccc=0x0000  dt=55  field[3]=(0,20)-(239,199)
REC  idx=3313  ..3314    mouse=( 62, 48) btn=0  key=0  (2 frames, no change)
idx=3315   t=32979     mouse=( 58, 41) btn=0  key=0 sccc=0x0000  dt=55  field[3]=(0,20)-(239,199)
REC  idx=3315  ..3316    mouse=( 58, 41) btn=0  key=0  (2 frames, no change)
idx=3317   t=33035     mouse=( 54, 35) btn=0  key=0 sccc=0x0000  dt=56  field[3]=(0,20)-(239,199)
REC  idx=3317  ..3318    mouse=( 54, 35) btn=0  key=0  (2 frames, no change)
idx=3319   t=33090     mouse=( 49, 31) btn=0  key=0 sccc=0x0000  dt=55  field[3]=(0,20)-(239,199)
REC  idx=3319  ..3320    mouse=( 49, 31) btn=0  key=0  (2 frames, no change)
idx=3321   t=33144     mouse=( 41, 27) btn=0  key=0 sccc=0x0000  dt=54  field[3]=(0,20)-(239,199)
REC  idx=3321  ..3322    mouse=( 41, 27) btn=0  key=0  (2 frames, no change)
idx=3323   t=33199     mouse=( 38, 25) btn=0  key=0 sccc=0x0000  dt=55  field[3]=(0,20)-(239,199)
REC  idx=3323  ..3324    mouse=( 38, 25) btn=0  key=0  (2 frames, no change)
idx=3325   t=33254     mouse=( 35, 21) btn=0  key=0 sccc=0x0000  dt=54  field[3]=(0,20)-(239,199)
REC  idx=3325  ..3326    mouse=( 35, 21) btn=0  key=0  (2 frames, no change)
idx=3327   t=33309     mouse=( 33, 19) btn=0  key=0 sccc=0x0000  dt=55
REC  idx=3327  ..3328    mouse=( 33, 19) btn=0  key=0  (2 frames, no change)
idx=3329   t=33364     mouse=( 30, 15) btn=0  key=0 sccc=0x0000  dt=55  field[5]=(7,4)-(45,15)
REC  idx=3329  ..3330    mouse=( 30, 15) btn=0  key=0  (2 frames, no change)
idx=3331   t=33419     mouse=( 28, 13) btn=0  key=0 sccc=0x0000  dt=55  field[5]=(7,4)-(45,15)
REC  idx=3331  ..3332    mouse=( 28, 13) btn=0  key=0  (2 frames, no change)
idx=3333   t=33474     mouse=( 28, 12) btn=0  key=0 sccc=0x0000  dt=55  field[5]=(7,4)-(45,15)
REC  idx=3333  ..3334    mouse=( 28, 12) btn=0  key=0  (2 frames, no change)
idx=3335   t=33529     mouse=( 28, 11) btn=0  key=0 sccc=0x0000  dt=55  field[5]=(7,4)-(45,15)
REC  idx=3335  ..3336    mouse=( 28, 11) btn=0  key=0  (2 frames, no change)
idx=3337   t=33584     mouse=( 28, 11) btn=1  key=0 sccc=0x0000  dt=54  field[5]=(7,4)-(45,15)
REC  idx=3337    mouse=( 28, 11) btn=1  key=0  (1 frame)
idx=3338   t=33584     mouse=( 28, 11) btn=0  key=0 sccc=0x0000  dt=0  field[5]=(7,4)-(45,15)
REC  idx=3338  ..3346    mouse=( 28, 11) btn=0  key=0  (9 frames, no change)
idx=3347   t=34141     mouse=( 58, 29) btn=0  key=0 sccc=0x0000  dt=223
REC  idx=3347  ..3348    mouse=( 58, 29) btn=0  key=0  (2 frames, no change)
idx=3349   t=34196     mouse=( 59, 30) btn=0  key=0 sccc=0x0000  dt=55
REC  idx=3349  ..3350    mouse=( 59, 30) btn=0  key=0  (2 frames, no change)
idx=3351   t=34251     mouse=( 66, 36) btn=0  key=0 sccc=0x0000  dt=55
REC  idx=3351  ..3352    mouse=( 66, 36) btn=0  key=0  (2 frames, no change)
idx=3353   t=34306     mouse=( 75, 43) btn=0  key=0 sccc=0x0000  dt=55
REC  idx=3353  ..3354    mouse=( 75, 43) btn=0  key=0  (2 frames, no change)
idx=3355   t=34361     mouse=( 84, 48) btn=0  key=0 sccc=0x0000  dt=55  field[7]=(43,47)-(303,56)
REC  idx=3355  ..3356    mouse=( 84, 48) btn=0  key=0  (2 frames, no change)
idx=3357   t=34416     mouse=( 86, 46) btn=0  key=0 sccc=0x0000  dt=55
REC  idx=3357  ..3358    mouse=( 86, 46) btn=0  key=0  (2 frames, no change)
idx=3359   t=34471     mouse=( 86, 45) btn=0  key=0 sccc=0x0000  dt=55
REC  idx=3359  ..3360    mouse=( 86, 45) btn=0  key=0  (2 frames, no change)
idx=3361   t=34526     mouse=( 88, 43) btn=0  key=0 sccc=0x0000  dt=55
REC  idx=3361  ..3364    mouse=( 88, 43) btn=0  key=0  (4 frames, no change)
idx=3365   t=34636     mouse=( 89, 44) btn=0  key=0 sccc=0x0000  dt=55
REC  idx=3365  ..3366    mouse=( 89, 44) btn=0  key=0  (2 frames, no change)
idx=3367   t=34692     mouse=( 94, 46) btn=0  key=0 sccc=0x0000  dt=55
REC  idx=3367  ..3368    mouse=( 94, 46) btn=0  key=0  (2 frames, no change)
idx=3369   t=34748     mouse=( 97, 46) btn=0  key=0 sccc=0x0000  dt=56
REC  idx=3369  ..3370    mouse=( 97, 46) btn=0  key=0  (2 frames, no change)
idx=3371   t=34803     mouse=(105, 48) btn=0  key=0 sccc=0x0000  dt=55  field[7]=(43,47)-(303,56)
REC  idx=3371  ..3378    mouse=(105, 48) btn=0  key=0  (8 frames, no change)
idx=3379   t=35024     mouse=(105, 48) btn=1  key=0 sccc=0x0000  dt=55  field[7]=(43,47)-(303,56)
REC  idx=3379    mouse=(105, 48) btn=1  key=0  (1 frame)
idx=3380   t=35024     mouse=(105, 48) btn=0  key=0 sccc=0x0000  dt=0  field[7]=(43,47)-(303,56)
REC  idx=3380  ..3383    mouse=(105, 48) btn=0  key=0  (4 frames, no change)
idx=3384   t=35081     mouse=(106, 48) btn=0  key=0 sccc=0x0000  dt=56  field[7]=(43,47)-(303,56)
REC  idx=3384    mouse=(106, 48) btn=0  key=0  (1 frame)
idx=3385   t=35136     mouse=(107, 48) btn=0  key=0 sccc=0x0000  dt=55  field[7]=(43,47)-(303,56)
REC  idx=3385  ..3388    mouse=(107, 48) btn=0  key=0  (4 frames, no change)
idx=3389   t=35246     mouse=(108, 49) btn=0  key=0 sccc=0x0000  dt=55  field[7]=(43,47)-(303,56)
REC  idx=3389  ..3390    mouse=(108, 49) btn=0  key=0  (2 frames, no change)
idx=3391   t=35301     mouse=(110, 51) btn=0  key=0 sccc=0x0000  dt=55  field[7]=(43,47)-(303,56)
REC  idx=3391  ..3392    mouse=(110, 51) btn=0  key=0  (2 frames, no change)
idx=3393   t=35356     mouse=(114, 57) btn=0  key=0 sccc=0x0000  dt=55
REC  idx=3393  ..3394    mouse=(114, 57) btn=0  key=0  (2 frames, no change)
idx=3395   t=35411     mouse=(122, 80) btn=0  key=0 sccc=0x0000  dt=55  field[9]=(43,77)-(303,86)
REC  idx=3395  ..3396    mouse=(122, 80) btn=0  key=0  (2 frames, no change)
idx=3397   t=35466     mouse=(130,102) btn=0  key=0 sccc=0x0000  dt=55
REC  idx=3397  ..3398    mouse=(130,102) btn=0  key=0  (2 frames, no change)
idx=3399   t=35521     mouse=(132,126) btn=0  key=0 sccc=0x0000  dt=55  field[12]=(43,122)-(303,131)
REC  idx=3399  ..3400    mouse=(132,126) btn=0  key=0  (2 frames, no change)
idx=3401   t=35576     mouse=(134,139) btn=0  key=0 sccc=0x0000  dt=55  field[13]=(43,137)-(303,146)
REC  idx=3401  ..3402    mouse=(134,139) btn=0  key=0  (2 frames, no change)
idx=3403   t=35632     mouse=(134,143) btn=0  key=0 sccc=0x0000  dt=55  field[13]=(43,137)-(303,146)
REC  idx=3403  ..3406    mouse=(134,143) btn=0  key=0  (4 frames, no change)
idx=3407   t=35742     mouse=(134,142) btn=0  key=0 sccc=0x0000  dt=55  field[13]=(43,137)-(303,146)
REC  idx=3407  ..3408    mouse=(134,142) btn=0  key=0  (2 frames, no change)
idx=3409   t=35798     mouse=(135,145) btn=0  key=0 sccc=0x0000  dt=56  field[13]=(43,137)-(303,146)
REC  idx=3409  ..3410    mouse=(135,145) btn=0  key=0  (2 frames, no change)
idx=3411   t=35854     mouse=(137,160) btn=0  key=0 sccc=0x0000  dt=56  field[14]=(43,152)-(303,161)
REC  idx=3411  ..3412    mouse=(137,160) btn=0  key=0  (2 frames, no change)
idx=3413   t=35910     mouse=(137,161) btn=0  key=0 sccc=0x0000  dt=56  field[14]=(43,152)-(303,161)
REC  idx=3413  ..3414    mouse=(137,161) btn=0  key=0  (2 frames, no change)
idx=3415   t=35965     mouse=(137,164) btn=0  key=0 sccc=0x0000  dt=55
REC  idx=3415  ..3416    mouse=(137,164) btn=0  key=0  (2 frames, no change)
idx=3417   t=36021     mouse=(139,167) btn=0  key=0 sccc=0x0000  dt=56
REC  idx=3417  ..3418    mouse=(139,167) btn=0  key=0  (2 frames, no change)
idx=3419   t=36076     mouse=(139,170) btn=0  key=0 sccc=0x0000  dt=55
REC  idx=3419  ..3420    mouse=(139,170) btn=0  key=0  (2 frames, no change)
idx=3421   t=36131     mouse=(140,172) btn=0  key=0 sccc=0x0000  dt=55  field[4]=(122,171)-(159,184)
REC  idx=3421  ..3422    mouse=(140,172) btn=0  key=0  (2 frames, no change)
idx=3423   t=36187     mouse=(141,174) btn=0  key=0 sccc=0x0000  dt=55  field[4]=(122,171)-(159,184)
REC  idx=3423    mouse=(141,174) btn=0  key=0  (1 frame)
idx=3424   t=36187     mouse=(141,175) btn=0  key=0 sccc=0x0000  dt=0  field[4]=(122,171)-(159,184)
REC  idx=3424    mouse=(141,175) btn=0  key=0  (1 frame)
idx=3425   t=36242     mouse=(141,176) btn=0  key=0 sccc=0x0000  dt=55  field[4]=(122,171)-(159,184)
REC  idx=3425  ..3426    mouse=(141,176) btn=0  key=0  (2 frames, no change)
idx=3427   t=36297     mouse=(141,176) btn=1  key=0 sccc=0x0000  dt=55  field[4]=(122,171)-(159,184)
REC  idx=3427    mouse=(141,176) btn=1  key=0  (1 frame)
idx=3428   t=36297     mouse=(141,176) btn=0  key=0 sccc=0x0000  dt=0  field[4]=(122,171)-(159,184)
REC  idx=3428  ..3479    mouse=(141,176) btn=0  key=0  (52 frames, no change)
idx=3480   t=38137     mouse=(141,176) btn=0  key=1 sccc=0x6767  dt=55  field[3]=(0,20)-(239,199)
REC  idx=3480    mouse=(141,176) btn=0  key=1  (1 frame)
idx=3481   t=38415     mouse=( 26,  9) btn=0  key=0 sccc=0x0000  dt=278
REC  idx=3481  ..3486    mouse=( 26,  9) btn=0  key=0  (6 frames, no change)
idx=3487   t=38748     mouse=( 20, 13) btn=0  key=0 sccc=0x0000  dt=55
REC  idx=3487  ..3488    mouse=( 20, 13) btn=0  key=0  (2 frames, no change)
idx=3489   t=38803     mouse=(  8, 23) btn=0  key=0 sccc=0x0000  dt=55
REC  idx=3489  ..3490    mouse=(  8, 23) btn=0  key=0  (2 frames, no change)
idx=3491   t=38858     mouse=(  0, 30) btn=0  key=0 sccc=0x0000  dt=55
REC  idx=3491  ..3492    mouse=(  0, 30) btn=0  key=0  (2 frames, no change)
idx=3493   t=38913     mouse=(  0, 36) btn=0  key=0 sccc=0x0000  dt=55
REC  idx=3493  ..3494    mouse=(  0, 36) btn=0  key=0  (2 frames, no change)
idx=3495   t=38969     mouse=(  0, 42) btn=0  key=0 sccc=0x0000  dt=56
REC  idx=3495  ..3496    mouse=(  0, 42) btn=0  key=0  (2 frames, no change)
idx=3497   t=39025     mouse=(  6, 58) btn=0  key=0 sccc=0x0000  dt=56
REC  idx=3497  ..3498    mouse=(  6, 58) btn=0  key=0  (2 frames, no change)
idx=3499   t=39081     mouse=( 24, 79) btn=0  key=0 sccc=0x0000  dt=56
REC  idx=3499  ..3500    mouse=( 24, 79) btn=0  key=0  (2 frames, no change)
idx=3501   t=39136     mouse=( 40,101) btn=0  key=0 sccc=0x0000  dt=55
REC  idx=3501  ..3502    mouse=( 40,101) btn=0  key=0  (2 frames, no change)
idx=3503   t=39191     mouse=( 40,106) btn=0  key=0 sccc=0x0000  dt=55
REC  idx=3503  ..3504    mouse=( 40,106) btn=0  key=0  (2 frames, no change)
idx=3505   t=39246     mouse=( 39,114) btn=0  key=0 sccc=0x0000  dt=55
REC  idx=3505  ..3506    mouse=( 39,114) btn=0  key=0  (2 frames, no change)
idx=3507   t=39301     mouse=( 38,124) btn=0  key=0 sccc=0x0000  dt=55
REC  idx=3507  ..3508    mouse=( 38,124) btn=0  key=0  (2 frames, no change)
idx=3509   t=39356     mouse=( 39,136) btn=0  key=0 sccc=0x0000  dt=55
REC  idx=3509  ..3510    mouse=( 39,136) btn=0  key=0  (2 frames, no change)
idx=3511   t=39411     mouse=( 42,142) btn=0  key=0 sccc=0x0000  dt=55
REC  idx=3511  ..3512    mouse=( 42,142) btn=0  key=0  (2 frames, no change)
idx=3513   t=39467     mouse=( 45,146) btn=0  key=0 sccc=0x0000  dt=56  field[13]=(43,137)-(303,146)
REC  idx=3513  ..3514    mouse=( 45,146) btn=0  key=0  (2 frames, no change)
idx=3515   t=39523     mouse=( 53,154) btn=0  key=0 sccc=0x0000  dt=56  field[14]=(43,152)-(303,161)
REC  idx=3515  ..3516    mouse=( 53,154) btn=0  key=0  (2 frames, no change)
idx=3517   t=39579     mouse=( 58,163) btn=0  key=0 sccc=0x0000  dt=56
REC  idx=3517  ..3518    mouse=( 58,163) btn=0  key=0  (2 frames, no change)
idx=3519   t=39634     mouse=( 61,169) btn=0  key=0 sccc=0x0000  dt=55
REC  idx=3519  ..3526    mouse=( 61,169) btn=0  key=0  (8 frames, no change)
idx=3527   t=39854     mouse=( 61,170) btn=0  key=0 sccc=0x0000  dt=55
REC  idx=3527  ..3528    mouse=( 61,170) btn=0  key=0  (2 frames, no change)
idx=3529   t=39909     mouse=( 61,172) btn=0  key=0 sccc=0x0000  dt=55  field[2]=(43,171)-(82,184)
REC  idx=3529  ..3530    mouse=( 61,172) btn=0  key=0  (2 frames, no change)
idx=3531   t=39964     mouse=( 61,172) btn=1  key=0 sccc=0x0000  dt=55  field[2]=(43,171)-(82,184)
REC  idx=3531    mouse=( 61,172) btn=1  key=0  (1 frame)
idx=3532   t=39964     mouse=( 61,172) btn=0  key=0 sccc=0x0000  dt=0  field[2]=(43,171)-(82,184)
REC  idx=3532  ..3537    mouse=( 61,172) btn=0  key=0  (6 frames, no change)
idx=3538   t=40302     mouse=( 70,170) btn=0  key=0 sccc=0x0000  dt=281
REC  idx=3538    mouse=( 70,170) btn=0  key=0  (1 frame)
idx=3539   t=40412     mouse=( 70,170) btn=0  key=1 sccc=0x7171  dt=110
REC  idx=3539    mouse=( 70,170) btn=0  key=1  (1 frame)
idx=3540   t=40523     mouse=( 86,170) btn=0  key=1 sccc=0x7171  dt=111
REC  idx=3540    mouse=( 86,170) btn=0  key=1  (1 frame)
idx=3541   t=40632     mouse=( 88,168) btn=0  key=1 sccc=0x7171  dt=109
REC  idx=3541    mouse=( 88,168) btn=0  key=1  (1 frame)
